<?xml version="1.0" encoding="UTF-8"?>
<!-- Generated by org.testng.reporters.JUnitXMLReporter -->
<testsuite hostname="DESKTOP-CG58KI1" ignored="8" tests="22" failures="0" timestamp="30 Jan 2019 12:51:00 GMT" time="106.571" errors="0">
  <testcase name="connectYourQuickBooksCompanyStep1" time="19.054" classname="Bp_Company_connection_and_PayPal_payment_system"/>
  <testcase name="connectYourQuickBooksCompany2" time="0.116" classname="Bp_Company_connection_and_PayPal_payment_system"/>
  <testcase name="connectYourQuickBooksCompany3" time="10.315" classname="Bp_Company_connection_and_PayPal_payment_system"/>
  <testcase name="connectYourPayPalSystemStep2" time="11.433" classname="Bp_Company_connection_and_PayPal_payment_system"/>
  <testcase name="loginInPayPal" time="6.293" classname="Bp_Company_connection_and_PayPal_payment_system"/>
  <testcase name="grantPermission" time="12.088" classname="Bp_Company_connection_and_PayPal_payment_system"/>
  <testcase name="step3ConnectYourPayPalSystemSalesSettings" time="11.583" classname="Bp_Company_connection_and_PayPal_payment_system"/>
  <testcase name="step3ConnectPayPalSystemPaymentMethodFieldSalesSettings" time="4.873" classname="Bp_Company_connection_and_PayPal_payment_system"/>
  <testcase name="connectPayPalSystemSalesSettingsBackStep" time="1.451" classname="Bp_Company_connection_and_PayPal_payment_system"/>
  <testcase name="connectPayPalSystemSalesSettingsPaymentMethodFieldBackStep" time="1.277" classname="Bp_Company_connection_and_PayPal_payment_system"/>
  <testcase name="step4ConnectPayPalProductSettings" time="0.621" classname="Bp_Company_connection_and_PayPal_payment_system"/>
  <testcase name="step4ConnectPayPalProductSettingsIncomeAccount" time="1.223" classname="Bp_Company_connection_and_PayPal_payment_system"/>
  <testcase name="connectPayPalStep4BackStep" time="0.74" classname="Bp_Company_connection_and_PayPal_payment_system"/>
  <testcase name="connectPayPalSystemIncomeAccountStepBack" time="0.722" classname="Bp_Company_connection_and_PayPal_payment_system"/>
  <testcase name="connectPayPalSystemApplyTaxesToggle" time="1.55" classname="Bp_Company_connection_and_PayPal_payment_system"/>
  <testcase name="connectPayPalSystemFeeSettingsVendorField" time="9.086" classname="Bp_Company_connection_and_PayPal_payment_system"/>
  <testcase name="connectPayPalSystemFeeSettingsExpenseLineAccountField" time="1.536" classname="Bp_Company_connection_and_PayPal_payment_system"/>
  <testcase name="connectPayPalSystemFeeSettingsBankAccountField" time="0.532" classname="Bp_Company_connection_and_PayPal_payment_system"/>
  <testcase name="connectPayPalSystemExpenseSettingsBankCreditAccountField" time="0.244" classname="Bp_Company_connection_and_PayPal_payment_system"/>
  <testcase name="connectPayPalSystemExpenseSettingsExpenseLineAccountField" time="1.857" classname="Bp_Company_connection_and_PayPal_payment_system"/>
  <testcase name="step8ConnectPayPalSystemImportOldTransactions" time="7.242" classname="Bp_Company_connection_and_PayPal_payment_system"/>
  <testcase name="finishConnectPayPalSystem" time="1.955" classname="Bp_Company_connection_and_PayPal_payment_system"/>
  <testcase name="areYouAccountantBookkeeper" time="0.0" classname="Bp_Company_connection_and_PayPal_payment_system">
    <ignored/>
  </testcase> <!-- areYouAccountantBookkeeper -->
  <testcase name="settingsCompany" time="0.0" classname="Bp_Company_connection_and_PayPal_payment_system">
    <ignored/>
  </testcase> <!-- settingsCompany -->
  <testcase name="toMyProfile" time="0.0" classname="Bp_Company_connection_and_PayPal_payment_system">
    <ignored/>
  </testcase> <!-- toMyProfile -->
  <testcase name="phoneFieldAssertion" time="0.0" classname="Bp_Company_connection_and_PayPal_payment_system">
    <ignored/>
  </testcase> <!-- phoneFieldAssertion -->
  <testcase name="notifyOffersAndServices" time="0.0" classname="Bp_Company_connection_and_PayPal_payment_system">
    <ignored/>
  </testcase> <!-- notifyOffersAndServices -->
  <testcase name="phoneField" time="0.0" classname="Bp_Company_connection_and_PayPal_payment_system">
    <ignored/>
  </testcase> <!-- phoneField -->
  <testcase name="notifyAboutAppActivities" time="0.0" classname="Bp_Company_connection_and_PayPal_payment_system">
    <ignored/>
  </testcase> <!-- notifyAboutAppActivities -->
  <testcase name="toSettingsAccount" time="0.0" classname="Bp_Company_connection_and_PayPal_payment_system">
    <ignored/>
  </testcase> <!-- toSettingsAccount -->
</testsuite>
